\BOOKMARK [0][-]{chapter*.2}{\376\377\000D\000a\000n\000h\000\040\000s\000\341\000c\000h\000\040\000h\000\354\000n\000h\000\040\000v\036\275}{}% 1
\BOOKMARK [0][-]{chapter*.3}{\376\377\000M\036\336\000\040\001\020\036\246\000U}{}% 2
\BOOKMARK [0][-]{chapter.4}{\376\377\000T\000\314\000M\000\040\000K\000I\036\276\000M\000\040\001\020\001\257\036\334\000N\000G\000\040\001\020\000I\000\040\000T\000R\000O\000N\000G\000\040\000M\000\312\000\040\000C\000U\000N\000G}{}% 3
\BOOKMARK [1][-]{section.5}{\376\377\000G\000i\036\333\000i\000\040\000t\000h\000i\036\307\000u}{chapter.4}% 4
\BOOKMARK [1][-]{section.6}{\376\377\000M\000\364\000\040\000t\036\243}{chapter.4}% 5
\BOOKMARK [0][-]{chapter.12}{\376\377\000T\000H\000U\036\254\000T\000\040\000T\000O\000\301\000N\000\040\000T\000\314\000M\000\040\000K\000I\036\276\000M}{}% 6
\BOOKMARK [1][-]{section.13}{\376\377\000T\000h\000u\036\255\000t\000\040\000t\000o\000\341\000n\000\040\000t\000\354\000m\000\040\000k\000i\036\277\000m\000\040\000t\000h\000e\000o\000\040\000c\000h\000i\036\301\000u\000\040\000s\000\342\000u\000\040\000-\000\040\000D\000e\000p\000t\000h\000\040\000F\000i\000r\000s\000t\000\040\000S\000e\000a\000r\000c\000h\000\040\000\050\000D\000F\000S\000\051}{chapter.12}% 7
\BOOKMARK [2][-]{subsection.14}{\376\377\000T\001\260\000\040\000t\001\260\036\337\000n\000g\000\040\000c\036\347\000a\000\040\000t\000h\000u\036\255\000t\000\040\000t\000o\000\341\000n}{section.13}% 8
\BOOKMARK [2][-]{subsection.16}{\376\377\000G\000i\036\243\000i\000\040\000t\000h\000u\036\255\000t\000\040\000c\036\347\000a\000\040\000t\000h\000u\036\255\000t\000\040\000t\000o\000\341\000n}{section.13}% 9
\BOOKMARK [2][-]{subsection.17}{\376\377\000N\000h\036\255\000n\000\040\000x\000\351\000t}{section.13}% 10
\BOOKMARK [1][-]{section.19}{\376\377\000T\000h\000u\036\255\000t\000\040\000t\000o\000\341\000n\000\040\000t\000\354\000m\000\040\000k\000i\036\277\000m\000\040\000t\000h\000e\000o\000\040\000c\000h\000i\036\301\000u\000\040\000r\036\331\000n\000g\000\040\000\050\000B\000r\000e\000a\000d\000t\000h\000\040\000F\000i\000r\000s\000t\000\040\000S\000r\000e\000a\000c\000h\000\051}{chapter.12}% 11
\BOOKMARK [2][-]{subsection.20}{\376\377\000T\001\260\000\040\000t\001\260\036\337\000n\000g\000\040\000c\036\347\000a\000\040\000t\000h\000u\036\255\000t\000\040\000t\000o\000\341\000n}{section.19}% 12
\BOOKMARK [2][-]{subsection.22}{\376\377\000G\000i\036\243\000i\000\040\000t\000h\000u\036\255\000t\000\040\000c\036\347\000a\000\040\000t\000h\000u\036\255\000t\000\040\000t\000o\000\341\000n}{section.19}% 13
\BOOKMARK [2][-]{subsection.23}{\376\377\000N\000h\036\255\000n\000\040\000x\000\351\000t}{section.19}% 14
\BOOKMARK [1][-]{section.25}{\376\377\001\020\036\331\000\040\000p\000h\036\351\000c\000\040\000t\036\241\000p\000\040\000c\036\347\000a\000\040\000B\000F\000S\000\040\000v\000\340\000\040\000D\000F\000S}{chapter.12}% 15
\BOOKMARK [0][-]{chapter.26}{\376\377\000K\036\276\000T\000\040\000Q\000U\036\242}{}% 16
\BOOKMARK [1][-]{section.27}{\376\377\000G\000i\000a\000o\000\040\000d\000i\036\307\000n}{chapter.26}% 17
\BOOKMARK [1][-]{section.33}{\376\377\000K\036\277\000t\000\040\000q\000u\036\243}{chapter.26}% 18
\BOOKMARK [2][-]{subsection.34}{\376\377\000T\000h\000u\036\255\000t\000\040\000t\000o\000\341\000n\000\040\000D\000F\000S}{section.33}% 19
\BOOKMARK [2][-]{subsection.45}{\376\377\000T\000h\000u\036\255\000t\000\040\000t\000o\000\341\000n\000\040\000B\000F\000S}{section.33}% 20
\BOOKMARK [0][-]{chapter*.58}{\376\377\000K\036\276\000T\000\040\000L\000U\036\254\000N}{}% 21
\BOOKMARK [0][-]{chapter*.59}{\376\377\000T\000\340\000i\000\040\000l\000i\036\307\000u\000\040\000t\000h\000a\000m\000\040\000k\000h\036\243\000o}{}% 22
